<?xml version="1.0" encoding="UTF-8"?>
<testng-results skipped="0" failed="0" ignored="0" total="1" passed="1">
  <reporter-output>
  </reporter-output>
  <suite name="Suite" duration-ms="104" started-at="2017-06-16T18:31:33Z" finished-at="2017-06-16T18:31:33Z">
    <groups>
    </groups>
    <test name="Test" duration-ms="104" started-at="2017-06-16T18:31:33Z" finished-at="2017-06-16T18:31:33Z">
      <class name="TestJen.NewTest">
        <test-method status="PASS" signature="Test()[pri:0, instance:TestJen.NewTest@1474c6c]" name="Test" duration-ms="28" started-at="2017-06-16T11:31:33Z" finished-at="2017-06-16T11:31:33Z">
          <reporter-output>
          </reporter-output>
        </test-method> <!-- Test -->
      </class> <!-- TestJen.NewTest -->
    </test> <!-- Test -->
  </suite> <!-- Suite -->
</testng-results>
